<?xml version="1.0" encoding="UTF-8"?>
<testng-results ignored="0" total="2" passed="2" failed="0" skipped="0">
  <reporter-output>
  </reporter-output>
  <suite started-at="2020-03-20T23:34:44 EDT" name="Default suite" finished-at="2020-03-20T23:35:20 EDT" duration-ms="35478">
    <groups>
    </groups>
    <test started-at="2020-03-20T23:34:44 EDT" name="Default test" finished-at="2020-03-20T23:35:20 EDT" duration-ms="35478">
      <class name="Testpkg.EmptyCart">
        <test-method signature="addItems()[pri:0, instance:Testpkg.EmptyCart@2187fff7]" started-at="2020-03-20T23:34:45 EDT" name="addItems" finished-at="2020-03-20T23:35:13 EDT" duration-ms="28060" status="PASS">
          <reporter-output>
          </reporter-output>
        </test-method> <!-- addItems -->
        <test-method signature="f()[pri:0, instance:Testpkg.EmptyCart@2187fff7]" started-at="2020-03-20T23:35:13 EDT" name="f" finished-at="2020-03-20T23:35:20 EDT" duration-ms="7235" status="PASS">
          <reporter-output>
          </reporter-output>
        </test-method> <!-- f -->
      </class> <!-- Testpkg.EmptyCart -->
    </test> <!-- Default test -->
  </suite> <!-- Default suite -->
</testng-results>
